#
# There is insufficient memory for the Java Runtime Environment to continue.
# Native memory allocation (malloc) failed to allocate 356592 bytes for Chunk::new
# Possible reasons:
#   The system is out of physical RAM or swap space
#   The process is running with CompressedOops enabled, and the Java Heap may be blocking the growth of the native heap
# Possible solutions:
#   Reduce memory load on the system
#   Increase physical memory or swap space
#   Check if swap backing store is full
#   Decrease Java heap size (-Xmx/-Xms)
#   Decrease number of Java threads
#   Decrease Java thread stack sizes (-Xss)
#   Set larger code cache with -XX:ReservedCodeCacheSize=
#   JVM is running with Zero Based Compressed Oops mode in which the Java heap is
#     placed in the first 32GB address space. The Java Heap base address is the
#     maximum limit for the native heap growth. Please use -XX:HeapBaseMinAddress
#     to set the Java Heap base and to place the Java Heap above 32GB virtual address.
# This output file may be truncated or incomplete.
#
#  Out of Memory Error (arena.cpp:168), pid=42932, tid=42232
#
# JRE version: OpenJDK Runtime Environment Zulu21.32+17-CA (21.0.2+13) (build 21.0.2+13-LTS)
# Java VM: OpenJDK 64-Bit Server VM Zulu21.32+17-CA (21.0.2+13-LTS, mixed mode, sharing, tiered, compressed oops, compressed class ptrs, g1 gc, windows-amd64)
# No core dump will be written. Minidumps are not enabled by default on client versions of Windows
#

---------------  S U M M A R Y ------------

Command Line: C:\Users\gui_s\AppData\Local\Temp\surefire18423685014302914999\surefirebooter-20250509120741536_3.jar C:\Users\gui_s\AppData\Local\Temp\surefire18423685014302914999 2025-05-09T12-07-41_193-jvmRun1 surefire-20250509120741536_1tmp surefire_0-20250509120741536_2tmp

Host: Intel(R) Core(TM) i5-10300H CPU @ 2.50GHz, 8 cores, 31G,  Windows 11 , 64 bit Build 26100 (10.0.26100.3912)
Time: Fri May  9 12:07:43 2025 Hora oficial do Brasil elapsed time: 1.698647 seconds (0d 0h 0m 1s)

---------------  T H R E A D  ---------------

Current thread (0x000002401b29b8e0):  JavaThread "C2 CompilerThread0" daemon [_thread_in_native, id=42232, stack(0x0000009ba8e00000,0x0000009ba8f00000) (1024K)]


Current CompileTask:
C2:   1698 1427 % !   4       java.util.concurrent.ConcurrentHashMap::transfer @ 96 (849 bytes)

Stack: [0x0000009ba8e00000,0x0000009ba8f00000]
Native frames: (J=compiled Java code, j=interpreted, Vv=VM code, C=native code)
V  [jvm.dll+0x6d47c9]
V  [jvm.dll+0x8afd41]
V  [jvm.dll+0x8b20ae]
V  [jvm.dll+0x8b2793]
V  [jvm.dll+0x287836]
V  [jvm.dll+0xc5add]
V  [jvm.dll+0xc6013]
V  [jvm.dll+0x3bd51c]
V  [jvm.dll+0x389975]
V  [jvm.dll+0x388dea]
V  [jvm.dll+0x24c550]
V  [jvm.dll+0x24bb31]
V  [jvm.dll+0x1cb824]
V  [jvm.dll+0x25b329]
V  [jvm.dll+0x2598da]
V  [jvm.dll+0x3f7036]
V  [jvm.dll+0x858528]
V  [jvm.dll+0x6d2f1d]
C  [ucrtbase.dll+0x37b0]
C  [KERNEL32.DLL+0x2e8d7]
C  [ntdll.dll+0x9c5dc]


---------------  P R O C E S S  ---------------

Threads class SMR info:
_java_thread_list=0x0000024061378480, length=13, elements={
0x0000024074cc9730, 0x000002407fc4df70, 0x000002401b290bf0, 0x000002401b2971f0,
0x000002401b297c50, 0x000002401b2993d0, 0x000002401b29ab50, 0x000002401b29b8e0,
0x000002401b2a04a0, 0x000002401b393750, 0x000002401b3b1db0, 0x000002401b5b67c0,
0x000002401b5a1a40
}

Java Threads: ( => current thread )
  0x0000024074cc9730 JavaThread "main"                              [_thread_in_vm, id=23932, stack(0x0000009ba8000000,0x0000009ba8100000) (1024K)]
  0x000002407fc4df70 JavaThread "Reference Handler"          daemon [_thread_blocked, id=42500, stack(0x0000009ba8800000,0x0000009ba8900000) (1024K)]
  0x000002401b290bf0 JavaThread "Finalizer"                  daemon [_thread_blocked, id=24820, stack(0x0000009ba8900000,0x0000009ba8a00000) (1024K)]
  0x000002401b2971f0 JavaThread "Signal Dispatcher"          daemon [_thread_blocked, id=40236, stack(0x0000009ba8a00000,0x0000009ba8b00000) (1024K)]
  0x000002401b297c50 JavaThread "Attach Listener"            daemon [_thread_blocked, id=36024, stack(0x0000009ba8b00000,0x0000009ba8c00000) (1024K)]
  0x000002401b2993d0 JavaThread "Service Thread"             daemon [_thread_blocked, id=39116, stack(0x0000009ba8c00000,0x0000009ba8d00000) (1024K)]
  0x000002401b29ab50 JavaThread "Monitor Deflation Thread"   daemon [_thread_blocked, id=23040, stack(0x0000009ba8d00000,0x0000009ba8e00000) (1024K)]
=>0x000002401b29b8e0 JavaThread "C2 CompilerThread0"         daemon [_thread_in_native, id=42232, stack(0x0000009ba8e00000,0x0000009ba8f00000) (1024K)]
  0x000002401b2a04a0 JavaThread "C1 CompilerThread0"         daemon [_thread_blocked, id=41552, stack(0x0000009ba8f00000,0x0000009ba9000000) (1024K)]
  0x000002401b393750 JavaThread "Notification Thread"        daemon [_thread_blocked, id=18688, stack(0x0000009ba9000000,0x0000009ba9100000) (1024K)]
  0x000002401b3b1db0 JavaThread "Common-Cleaner"             daemon [_thread_blocked, id=39988, stack(0x0000009ba9100000,0x0000009ba9200000) (1024K)]
  0x000002401b5b67c0 JavaThread "surefire-forkedjvm-stream-flusher" daemon [_thread_blocked, id=4656, stack(0x0000009ba9300000,0x0000009ba9400000) (1024K)]
  0x000002401b5a1a40 JavaThread "surefire-forkedjvm-command-thread" daemon [_thread_in_native, id=8364, stack(0x0000009ba9400000,0x0000009ba9500000) (1024K)]
Total: 13

Other Threads:
  0x000002407fc2c490 VMThread "VM Thread"                           [id=15604, stack(0x0000009ba8700000,0x0000009ba8800000) (1024K)]
  0x000002407fc148f0 WatcherThread "VM Periodic Task Thread"        [id=1504, stack(0x0000009ba8600000,0x0000009ba8700000) (1024K)]
  0x0000024074d6e870 WorkerThread "GC Thread#0"                     [id=44716, stack(0x0000009ba8100000,0x0000009ba8200000) (1024K)]
  0x000002406139ddc0 WorkerThread "GC Thread#1"                     [id=39604, stack(0x0000009ba9200000,0x0000009ba9300000) (1024K)]
  0x00000240610e8230 WorkerThread "GC Thread#2"                     [id=39364, stack(0x0000009ba9500000,0x0000009ba9600000) (1024K)]
  0x00000240610e85e0 WorkerThread "GC Thread#3"                     [id=37024, stack(0x0000009ba9600000,0x0000009ba9700000) (1024K)]
  0x00000240610e8990 WorkerThread "GC Thread#4"                     [id=37436, stack(0x0000009ba9700000,0x0000009ba9800000) (1024K)]
  0x000002406116be00 WorkerThread "GC Thread#5"                     [id=36764, stack(0x0000009ba9800000,0x0000009ba9900000) (1024K)]
  0x000002406116c1b0 WorkerThread "GC Thread#6"                     [id=24300, stack(0x0000009ba9900000,0x0000009ba9a00000) (1024K)]
  0x000002406116c560 WorkerThread "GC Thread#7"                     [id=34608, stack(0x0000009ba9a00000,0x0000009ba9b00000) (1024K)]
  0x0000024074d7ff30 ConcurrentGCThread "G1 Main Marker"            [id=18492, stack(0x0000009ba8200000,0x0000009ba8300000) (1024K)]
  0x0000024074d80a40 WorkerThread "G1 Conc#0"                       [id=40684, stack(0x0000009ba8300000,0x0000009ba8400000) (1024K)]
  0x000002407fad3e00 ConcurrentGCThread "G1 Refine#0"               [id=33612, stack(0x0000009ba8400000,0x0000009ba8500000) (1024K)]
  0x000002407fad4980 ConcurrentGCThread "G1 Service"                [id=44960, stack(0x0000009ba8500000,0x0000009ba8600000) (1024K)]
Total: 14

Threads with active compile tasks:
C2 CompilerThread0     1725 1427 % !   4       java.util.concurrent.ConcurrentHashMap::transfer @ 96 (849 bytes)
Total: 1

VM state: not at safepoint (normal execution)

VM Mutex/Monitor currently owned by a thread: None

Heap address: 0x0000000602800000, size: 8152 MB, Compressed Oops mode: Zero based, Oop shift amount: 3

CDS archive(s) mapped at: [0x000002401c000000-0x000002401ccf0000-0x000002401ccf0000), size 13565952, SharedBaseAddress: 0x000002401c000000, ArchiveRelocationMode: 1.
Compressed class space mapped at: 0x000002401d000000-0x000002405d000000, reserved size: 1073741824
Narrow klass base: 0x000002401c000000, Narrow klass shift: 0, Narrow klass range: 0x100000000

GC Precious Log:
 CardTable entry size: 512
 Card Set container configuration: InlinePtr #cards 4 size 8 Array Of Cards #cards 32 size 80 Howl #buckets 8 coarsen threshold 7372 Howl Bitmap #cards 1024 size 144 coarsen threshold 921 Card regions per heap region 1 cards per card region 8192
 CPUs: 8 total, 8 available
 Memory: 32599M
 Large Page Support: Disabled
 NUMA Support: Disabled
 Compressed Oops: Enabled (Zero based)
 Heap Region Size: 4M
 Heap Min Capacity: 8M
 Heap Initial Capacity: 512M
 Heap Max Capacity: 8152M
 Pre-touch: Disabled
 Parallel Workers: 8
 Concurrent Workers: 2
 Concurrent Refinement Workers: 8
 Periodic GC: Disabled

Heap:
 garbage-first heap   total 524288K, used 10204K [0x0000000602800000, 0x0000000800000000)
  region size 4096K, 3 young (12288K), 1 survivors (4096K)
 Metaspace       used 7871K, committed 8064K, reserved 1114112K
  class space    used 925K, committed 1024K, reserved 1048576K

Heap Regions: E=young(eden), S=young(survivor), O=old, HS=humongous(starts), HC=humongous(continues), CS=collection set, F=free, TAMS=top-at-mark-start, PB=parsable bottom
|   0|0x0000000602800000, 0x00000006029f7390, 0x0000000602c00000| 49%| O|  |TAMS 0x0000000602800000| PB 0x0000000602800000| Untracked 
|   1|0x0000000602c00000, 0x0000000602c00000, 0x0000000603000000|  0%| F|  |TAMS 0x0000000602c00000| PB 0x0000000602c00000| Untracked 
|   2|0x0000000603000000, 0x0000000603000000, 0x0000000603400000|  0%| F|  |TAMS 0x0000000603000000| PB 0x0000000603000000| Untracked 
|   3|0x0000000603400000, 0x0000000603400000, 0x0000000603800000|  0%| F|  |TAMS 0x0000000603400000| PB 0x0000000603400000| Untracked 
|   4|0x0000000603800000, 0x0000000603800000, 0x0000000603c00000|  0%| F|  |TAMS 0x0000000603800000| PB 0x0000000603800000| Untracked 
|   5|0x0000000603c00000, 0x0000000603c00000, 0x0000000604000000|  0%| F|  |TAMS 0x0000000603c00000| PB 0x0000000603c00000| Untracked 
|   6|0x0000000604000000, 0x0000000604000000, 0x0000000604400000|  0%| F|  |TAMS 0x0000000604000000| PB 0x0000000604000000| Untracked 
|   7|0x0000000604400000, 0x0000000604400000, 0x0000000604800000|  0%| F|  |TAMS 0x0000000604400000| PB 0x0000000604400000| Untracked 
|   8|0x0000000604800000, 0x0000000604800000, 0x0000000604c00000|  0%| F|  |TAMS 0x0000000604800000| PB 0x0000000604800000| Untracked 
|   9|0x0000000604c00000, 0x0000000604c00000, 0x0000000605000000|  0%| F|  |TAMS 0x0000000604c00000| PB 0x0000000604c00000| Untracked 
|  10|0x0000000605000000, 0x0000000605000000, 0x0000000605400000|  0%| F|  |TAMS 0x0000000605000000| PB 0x0000000605000000| Untracked 
|  11|0x0000000605400000, 0x0000000605400000, 0x0000000605800000|  0%| F|  |TAMS 0x0000000605400000| PB 0x0000000605400000| Untracked 
|  12|0x0000000605800000, 0x0000000605800000, 0x0000000605c00000|  0%| F|  |TAMS 0x0000000605800000| PB 0x0000000605800000| Untracked 
|  13|0x0000000605c00000, 0x0000000605c00000, 0x0000000606000000|  0%| F|  |TAMS 0x0000000605c00000| PB 0x0000000605c00000| Untracked 
|  14|0x0000000606000000, 0x0000000606000000, 0x0000000606400000|  0%| F|  |TAMS 0x0000000606000000| PB 0x0000000606000000| Untracked 
|  15|0x0000000606400000, 0x0000000606400000, 0x0000000606800000|  0%| F|  |TAMS 0x0000000606400000| PB 0x0000000606400000| Untracked 
|  16|0x0000000606800000, 0x0000000606800000, 0x0000000606c00000|  0%| F|  |TAMS 0x0000000606800000| PB 0x0000000606800000| Untracked 
|  17|0x0000000606c00000, 0x0000000606c00000, 0x0000000607000000|  0%| F|  |TAMS 0x0000000606c00000| PB 0x0000000606c00000| Untracked 
|  18|0x0000000607000000, 0x0000000607000000, 0x0000000607400000|  0%| F|  |TAMS 0x0000000607000000| PB 0x0000000607000000| Untracked 
|  19|0x0000000607400000, 0x0000000607400000, 0x0000000607800000|  0%| F|  |TAMS 0x0000000607400000| PB 0x0000000607400000| Untracked 
|  20|0x0000000607800000, 0x0000000607800000, 0x0000000607c00000|  0%| F|  |TAMS 0x0000000607800000| PB 0x0000000607800000| Untracked 
|  21|0x0000000607c00000, 0x0000000607c00000, 0x0000000608000000|  0%| F|  |TAMS 0x0000000607c00000| PB 0x0000000607c00000| Untracked 
|  22|0x0000000608000000, 0x0000000608000000, 0x0000000608400000|  0%| F|  |TAMS 0x0000000608000000| PB 0x0000000608000000| Untracked 
|  23|0x0000000608400000, 0x0000000608400000, 0x0000000608800000|  0%| F|  |TAMS 0x0000000608400000| PB 0x0000000608400000| Untracked 
|  24|0x0000000608800000, 0x0000000608800000, 0x0000000608c00000|  0%| F|  |TAMS 0x0000000608800000| PB 0x0000000608800000| Untracked 
|  25|0x0000000608c00000, 0x0000000608c00000, 0x0000000609000000|  0%| F|  |TAMS 0x0000000608c00000| PB 0x0000000608c00000| Untracked 
|  26|0x0000000609000000, 0x0000000609000000, 0x0000000609400000|  0%| F|  |TAMS 0x0000000609000000| PB 0x0000000609000000| Untracked 
|  27|0x0000000609400000, 0x0000000609400000, 0x0000000609800000|  0%| F|  |TAMS 0x0000000609400000| PB 0x0000000609400000| Untracked 
|  28|0x0000000609800000, 0x0000000609800000, 0x0000000609c00000|  0%| F|  |TAMS 0x0000000609800000| PB 0x0000000609800000| Untracked 
|  29|0x0000000609c00000, 0x0000000609c00000, 0x000000060a000000|  0%| F|  |TAMS 0x0000000609c00000| PB 0x0000000609c00000| Untracked 
|  30|0x000000060a000000, 0x000000060a000000, 0x000000060a400000|  0%| F|  |TAMS 0x000000060a000000| PB 0x000000060a000000| Untracked 
|  31|0x000000060a400000, 0x000000060a400000, 0x000000060a800000|  0%| F|  |TAMS 0x000000060a400000| PB 0x000000060a400000| Untracked 
|  32|0x000000060a800000, 0x000000060a800000, 0x000000060ac00000|  0%| F|  |TAMS 0x000000060a800000| PB 0x000000060a800000| Untracked 
|  33|0x000000060ac00000, 0x000000060ac00000, 0x000000060b000000|  0%| F|  |TAMS 0x000000060ac00000| PB 0x000000060ac00000| Untracked 
|  34|0x000000060b000000, 0x000000060b000000, 0x000000060b400000|  0%| F|  |TAMS 0x000000060b000000| PB 0x000000060b000000| Untracked 
|  35|0x000000060b400000, 0x000000060b400000, 0x000000060b800000|  0%| F|  |TAMS 0x000000060b400000| PB 0x000000060b400000| Untracked 
|  36|0x000000060b800000, 0x000000060b800000, 0x000000060bc00000|  0%| F|  |TAMS 0x000000060b800000| PB 0x000000060b800000| Untracked 
|  37|0x000000060bc00000, 0x000000060bc00000, 0x000000060c000000|  0%| F|  |TAMS 0x000000060bc00000| PB 0x000000060bc00000| Untracked 
|  38|0x000000060c000000, 0x000000060c000000, 0x000000060c400000|  0%| F|  |TAMS 0x000000060c000000| PB 0x000000060c000000| Untracked 
|  39|0x000000060c400000, 0x000000060c400000, 0x000000060c800000|  0%| F|  |TAMS 0x000000060c400000| PB 0x000000060c400000| Untracked 
|  40|0x000000060c800000, 0x000000060c800000, 0x000000060cc00000|  0%| F|  |TAMS 0x000000060c800000| PB 0x000000060c800000| Untracked 
|  41|0x000000060cc00000, 0x000000060cc00000, 0x000000060d000000|  0%| F|  |TAMS 0x000000060cc00000| PB 0x000000060cc00000| Untracked 
|  42|0x000000060d000000, 0x000000060d000000, 0x000000060d400000|  0%| F|  |TAMS 0x000000060d000000| PB 0x000000060d000000| Untracked 
|  43|0x000000060d400000, 0x000000060d400000, 0x000000060d800000|  0%| F|  |TAMS 0x000000060d400000| PB 0x000000060d400000| Untracked 
|  44|0x000000060d800000, 0x000000060d800000, 0x000000060dc00000|  0%| F|  |TAMS 0x000000060d800000| PB 0x000000060d800000| Untracked 
|  45|0x000000060dc00000, 0x000000060dc00000, 0x000000060e000000|  0%| F|  |TAMS 0x000000060dc00000| PB 0x000000060dc00000| Untracked 
|  46|0x000000060e000000, 0x000000060e000000, 0x000000060e400000|  0%| F|  |TAMS 0x000000060e000000| PB 0x000000060e000000| Untracked 
|  47|0x000000060e400000, 0x000000060e400000, 0x000000060e800000|  0%| F|  |TAMS 0x000000060e400000| PB 0x000000060e400000| Untracked 
|  48|0x000000060e800000, 0x000000060e800000, 0x000000060ec00000|  0%| F|  |TAMS 0x000000060e800000| PB 0x000000060e800000| Untracked 
|  49|0x000000060ec00000, 0x000000060ec00000, 0x000000060f000000|  0%| F|  |TAMS 0x000000060ec00000| PB 0x000000060ec00000| Untracked 
|  50|0x000000060f000000, 0x000000060f000000, 0x000000060f400000|  0%| F|  |TAMS 0x000000060f000000| PB 0x000000060f000000| Untracked 
|  51|0x000000060f400000, 0x000000060f400000, 0x000000060f800000|  0%| F|  |TAMS 0x000000060f400000| PB 0x000000060f400000| Untracked 
|  52|0x000000060f800000, 0x000000060f800000, 0x000000060fc00000|  0%| F|  |TAMS 0x000000060f800000| PB 0x000000060f800000| Untracked 
|  53|0x000000060fc00000, 0x000000060fc00000, 0x0000000610000000|  0%| F|  |TAMS 0x000000060fc00000| PB 0x000000060fc00000| Untracked 
|  54|0x0000000610000000, 0x0000000610000000, 0x0000000610400000|  0%| F|  |TAMS 0x0000000610000000| PB 0x0000000610000000| Untracked 
|  55|0x0000000610400000, 0x0000000610400000, 0x0000000610800000|  0%| F|  |TAMS 0x0000000610400000| PB 0x0000000610400000| Untracked 
|  56|0x0000000610800000, 0x0000000610800000, 0x0000000610c00000|  0%| F|  |TAMS 0x0000000610800000| PB 0x0000000610800000| Untracked 
|  57|0x0000000610c00000, 0x0000000610c00000, 0x0000000611000000|  0%| F|  |TAMS 0x0000000610c00000| PB 0x0000000610c00000| Untracked 
|  58|0x0000000611000000, 0x0000000611000000, 0x0000000611400000|  0%| F|  |TAMS 0x0000000611000000| PB 0x0000000611000000| Untracked 
|  59|0x0000000611400000, 0x0000000611400000, 0x0000000611800000|  0%| F|  |TAMS 0x0000000611400000| PB 0x0000000611400000| Untracked 
|  60|0x0000000611800000, 0x0000000611800000, 0x0000000611c00000|  0%| F|  |TAMS 0x0000000611800000| PB 0x0000000611800000| Untracked 
|  61|0x0000000611c00000, 0x0000000611c00000, 0x0000000612000000|  0%| F|  |TAMS 0x0000000611c00000| PB 0x0000000611c00000| Untracked 
|  62|0x0000000612000000, 0x0000000612000000, 0x0000000612400000|  0%| F|  |TAMS 0x0000000612000000| PB 0x0000000612000000| Untracked 
|  63|0x0000000612400000, 0x0000000612400000, 0x0000000612800000|  0%| F|  |TAMS 0x0000000612400000| PB 0x0000000612400000| Untracked 
|  64|0x0000000612800000, 0x0000000612800000, 0x0000000612c00000|  0%| F|  |TAMS 0x0000000612800000| PB 0x0000000612800000| Untracked 
|  65|0x0000000612c00000, 0x0000000612c00000, 0x0000000613000000|  0%| F|  |TAMS 0x0000000612c00000| PB 0x0000000612c00000| Untracked 
|  66|0x0000000613000000, 0x0000000613000000, 0x0000000613400000|  0%| F|  |TAMS 0x0000000613000000| PB 0x0000000613000000| Untracked 
|  67|0x0000000613400000, 0x0000000613400000, 0x0000000613800000|  0%| F|  |TAMS 0x0000000613400000| PB 0x0000000613400000| Untracked 
|  68|0x0000000613800000, 0x0000000613800000, 0x0000000613c00000|  0%| F|  |TAMS 0x0000000613800000| PB 0x0000000613800000| Untracked 
|  69|0x0000000613c00000, 0x0000000613c00000, 0x0000000614000000|  0%| F|  |TAMS 0x0000000613c00000| PB 0x0000000613c00000| Untracked 
|  70|0x0000000614000000, 0x0000000614000000, 0x0000000614400000|  0%| F|  |TAMS 0x0000000614000000| PB 0x0000000614000000| Untracked 
|  71|0x0000000614400000, 0x0000000614400000, 0x0000000614800000|  0%| F|  |TAMS 0x0000000614400000| PB 0x0000000614400000| Untracked 
|  72|0x0000000614800000, 0x0000000614800000, 0x0000000614c00000|  0%| F|  |TAMS 0x0000000614800000| PB 0x0000000614800000| Untracked 
|  73|0x0000000614c00000, 0x0000000614c00000, 0x0000000615000000|  0%| F|  |TAMS 0x0000000614c00000| PB 0x0000000614c00000| Untracked 
|  74|0x0000000615000000, 0x0000000615000000, 0x0000000615400000|  0%| F|  |TAMS 0x0000000615000000| PB 0x0000000615000000| Untracked 
|  75|0x0000000615400000, 0x0000000615400000, 0x0000000615800000|  0%| F|  |TAMS 0x0000000615400000| PB 0x0000000615400000| Untracked 
|  76|0x0000000615800000, 0x0000000615800000, 0x0000000615c00000|  0%| F|  |TAMS 0x0000000615800000| PB 0x0000000615800000| Untracked 
|  77|0x0000000615c00000, 0x0000000615c00000, 0x0000000616000000|  0%| F|  |TAMS 0x0000000615c00000| PB 0x0000000615c00000| Untracked 
|  78|0x0000000616000000, 0x0000000616000000, 0x0000000616400000|  0%| F|  |TAMS 0x0000000616000000| PB 0x0000000616000000| Untracked 
|  79|0x0000000616400000, 0x0000000616400000, 0x0000000616800000|  0%| F|  |TAMS 0x0000000616400000| PB 0x0000000616400000| Untracked 
|  80|0x0000000616800000, 0x0000000616800000, 0x0000000616c00000|  0%| F|  |TAMS 0x0000000616800000| PB 0x0000000616800000| Untracked 
|  81|0x0000000616c00000, 0x0000000616c00000, 0x0000000617000000|  0%| F|  |TAMS 0x0000000616c00000| PB 0x0000000616c00000| Untracked 
|  82|0x0000000617000000, 0x0000000617000000, 0x0000000617400000|  0%| F|  |TAMS 0x0000000617000000| PB 0x0000000617000000| Untracked 
|  83|0x0000000617400000, 0x0000000617400000, 0x0000000617800000|  0%| F|  |TAMS 0x0000000617400000| PB 0x0000000617400000| Untracked 
|  84|0x0000000617800000, 0x0000000617800000, 0x0000000617c00000|  0%| F|  |TAMS 0x0000000617800000| PB 0x0000000617800000| Untracked 
|  85|0x0000000617c00000, 0x0000000617c00000, 0x0000000618000000|  0%| F|  |TAMS 0x0000000617c00000| PB 0x0000000617c00000| Untracked 
|  86|0x0000000618000000, 0x0000000618000000, 0x0000000618400000|  0%| F|  |TAMS 0x0000000618000000| PB 0x0000000618000000| Untracked 
|  87|0x0000000618400000, 0x0000000618400000, 0x0000000618800000|  0%| F|  |TAMS 0x0000000618400000| PB 0x0000000618400000| Untracked 
|  88|0x0000000618800000, 0x0000000618800000, 0x0000000618c00000|  0%| F|  |TAMS 0x0000000618800000| PB 0x0000000618800000| Untracked 
|  89|0x0000000618c00000, 0x0000000618c00000, 0x0000000619000000|  0%| F|  |TAMS 0x0000000618c00000| PB 0x0000000618c00000| Untracked 
|  90|0x0000000619000000, 0x0000000619000000, 0x0000000619400000|  0%| F|  |TAMS 0x0000000619000000| PB 0x0000000619000000| Untracked 
|  91|0x0000000619400000, 0x0000000619400000, 0x0000000619800000|  0%| F|  |TAMS 0x0000000619400000| PB 0x0000000619400000| Untracked 
|  92|0x0000000619800000, 0x0000000619800000, 0x0000000619c00000|  0%| F|  |TAMS 0x0000000619800000| PB 0x0000000619800000| Untracked 
|  93|0x0000000619c00000, 0x0000000619c00000, 0x000000061a000000|  0%| F|  |TAMS 0x0000000619c00000| PB 0x0000000619c00000| Untracked 
|  94|0x000000061a000000, 0x000000061a000000, 0x000000061a400000|  0%| F|  |TAMS 0x000000061a000000| PB 0x000000061a000000| Untracked 
|  95|0x000000061a400000, 0x000000061a400000, 0x000000061a800000|  0%| F|  |TAMS 0x000000061a400000| PB 0x000000061a400000| Untracked 
|  96|0x000000061a800000, 0x000000061a800000, 0x000000061ac00000|  0%| F|  |TAMS 0x000000061a800000| PB 0x000000061a800000| Untracked 
|  97|0x000000061ac00000, 0x000000061ac00000, 0x000000061b000000|  0%| F|  |TAMS 0x000000061ac00000| PB 0x000000061ac00000| Untracked 
|  98|0x000000061b000000, 0x000000061b000000, 0x000000061b400000|  0%| F|  |TAMS 0x000000061b000000| PB 0x000000061b000000| Untracked 
|  99|0x000000061b400000, 0x000000061b400000, 0x000000061b800000|  0%| F|  |TAMS 0x000000061b400000| PB 0x000000061b400000| Untracked 
| 100|0x000000061b800000, 0x000000061b800000, 0x000000061bc00000|  0%| F|  |TAMS 0x000000061b800000| PB 0x000000061b800000| Untracked 
| 101|0x000000061bc00000, 0x000000061bc00000, 0x000000061c000000|  0%| F|  |TAMS 0x000000061bc00000| PB 0x000000061bc00000| Untracked 
| 102|0x000000061c000000, 0x000000061c000000, 0x000000061c400000|  0%| F|  |TAMS 0x000000061c000000| PB 0x000000061c000000| Untracked 
| 103|0x000000061c400000, 0x000000061c400000, 0x000000061c800000|  0%| F|  |TAMS 0x000000061c400000| PB 0x000000061c400000| Untracked 
| 104|0x000000061c800000, 0x000000061c800000, 0x000000061cc00000|  0%| F|  |TAMS 0x000000061c800000| PB 0x000000061c800000| Untracked 
| 105|0x000000061cc00000, 0x000000061cc00000, 0x000000061d000000|  0%| F|  |TAMS 0x000000061cc00000| PB 0x000000061cc00000| Untracked 
| 106|0x000000061d000000, 0x000000061d000000, 0x000000061d400000|  0%| F|  |TAMS 0x000000061d000000| PB 0x000000061d000000| Untracked 
| 107|0x000000061d400000, 0x000000061d400000, 0x000000061d800000|  0%| F|  |TAMS 0x000000061d400000| PB 0x000000061d400000| Untracked 
| 108|0x000000061d800000, 0x000000061d800000, 0x000000061dc00000|  0%| F|  |TAMS 0x000000061d800000| PB 0x000000061d800000| Untracked 
| 109|0x000000061dc00000, 0x000000061dc00000, 0x000000061e000000|  0%| F|  |TAMS 0x000000061dc00000| PB 0x000000061dc00000| Untracked 
| 110|0x000000061e000000, 0x000000061e000000, 0x000000061e400000|  0%| F|  |TAMS 0x000000061e000000| PB 0x000000061e000000| Untracked 
| 111|0x000000061e400000, 0x000000061e400000, 0x000000061e800000|  0%| F|  |TAMS 0x000000061e400000| PB 0x000000061e400000| Untracked 
| 112|0x000000061e800000, 0x000000061e800000, 0x000000061ec00000|  0%| F|  |TAMS 0x000000061e800000| PB 0x000000061e800000| Untracked 
| 113|0x000000061ec00000, 0x000000061ec00000, 0x000000061f000000|  0%| F|  |TAMS 0x000000061ec00000| PB 0x000000061ec00000| Untracked 
| 114|0x000000061f000000, 0x000000061f000000, 0x000000061f400000|  0%| F|  |TAMS 0x000000061f000000| PB 0x000000061f000000| Untracked 
| 115|0x000000061f400000, 0x000000061f400000, 0x000000061f800000|  0%| F|  |TAMS 0x000000061f400000| PB 0x000000061f400000| Untracked 
| 116|0x000000061f800000, 0x000000061f800000, 0x000000061fc00000|  0%| F|  |TAMS 0x000000061f800000| PB 0x000000061f800000| Untracked 
| 117|0x000000061fc00000, 0x000000061fc00000, 0x0000000620000000|  0%| F|  |TAMS 0x000000061fc00000| PB 0x000000061fc00000| Untracked 
| 118|0x0000000620000000, 0x0000000620000000, 0x0000000620400000|  0%| F|  |TAMS 0x0000000620000000| PB 0x0000000620000000| Untracked 
| 119|0x0000000620400000, 0x0000000620400000, 0x0000000620800000|  0%| F|  |TAMS 0x0000000620400000| PB 0x0000000620400000| Untracked 
| 120|0x0000000620800000, 0x0000000620800000, 0x0000000620c00000|  0%| F|  |TAMS 0x0000000620800000| PB 0x0000000620800000| Untracked 
| 121|0x0000000620c00000, 0x0000000621000000, 0x0000000621000000|100%| S|CS|TAMS 0x0000000620c00000| PB 0x0000000620c00000| Complete 
| 122|0x0000000621000000, 0x0000000621000000, 0x0000000621400000|  0%| F|  |TAMS 0x0000000621000000| PB 0x0000000621000000| Untracked 
| 123|0x0000000621400000, 0x0000000621400000, 0x0000000621800000|  0%| F|  |TAMS 0x0000000621400000| PB 0x0000000621400000| Untracked 
| 124|0x0000000621800000, 0x0000000621800000, 0x0000000621c00000|  0%| F|  |TAMS 0x0000000621800000| PB 0x0000000621800000| Untracked 
| 125|0x0000000621c00000, 0x0000000621c00000, 0x0000000622000000|  0%| F|  |TAMS 0x0000000621c00000| PB 0x0000000621c00000| Untracked 
| 126|0x0000000622000000, 0x00000006221e5ea8, 0x0000000622400000| 47%| E|  |TAMS 0x0000000622000000| PB 0x0000000622000000| Complete 
| 127|0x0000000622400000, 0x0000000622800000, 0x0000000622800000|100%| E|CS|TAMS 0x0000000622400000| PB 0x0000000622400000| Complete 

Card table byte_map: [0x000002400fff0000,0x0000024010fe0000] _byte_map_base: 0x000002400cfdc000

Marking Bits: (CMBitMap*) 0x0000024074d6f790
 Bits: [0x0000024010fe0000, 0x0000024018f40000)

Polling page: 0x0000024074a90000

Metaspace:

Usage:
  Non-class:      6.85 MB used.
      Class:    934.37 KB used.
       Both:      7.76 MB used.

Virtual space:
  Non-class space:       64.00 MB reserved,       7.00 MB ( 11%) committed,  1 nodes.
      Class space:        1.00 GB reserved,       1.00 MB ( <1%) committed,  1 nodes.
             Both:        1.06 GB reserved,       8.00 MB ( <1%) committed. 

Chunk freelists:
   Non-Class:  8.03 MB
       Class:  14.94 MB
        Both:  22.97 MB

MaxMetaspaceSize: unlimited
CompressedClassSpaceSize: 1.00 GB
Initial GC threshold: 21.00 MB
Current GC threshold: 21.00 MB
CDS: on
 - commit_granule_bytes: 65536.
 - commit_granule_words: 8192.
 - virtual_space_node_default_size: 8388608.
 - enlarge_chunks_in_place: 1.
 - use_allocation_guard: 0.


Internal statistics:

num_allocs_failed_limit: 0.
num_arena_births: 160.
num_arena_deaths: 0.
num_vsnodes_births: 2.
num_vsnodes_deaths: 0.
num_space_committed: 128.
num_space_uncommitted: 0.
num_chunks_returned_to_freelist: 0.
num_chunks_taken_from_freelist: 459.
num_chunk_merges: 0.
num_chunk_splits: 253.
num_chunks_enlarged: 152.
num_inconsistent_stats: 0.

CodeHeap 'non-profiled nmethods': size=120000Kb used=471Kb max_used=471Kb free=119529Kb
 bounds [0x0000024007ad0000, 0x0000024007d40000, 0x000002400f000000]
CodeHeap 'profiled nmethods': size=120000Kb used=2795Kb max_used=2795Kb free=117204Kb
 bounds [0x0000024000000000, 0x00000240002c0000, 0x0000024007530000]
CodeHeap 'non-nmethods': size=5760Kb used=1384Kb max_used=1400Kb free=4375Kb
 bounds [0x0000024007530000, 0x00000240077a0000, 0x0000024007ad0000]
 total_blobs=1946 nmethods=1462 adapters=389
 compilation: enabled
              stopped_count=0, restarted_count=0
 full_count=0

Compilation events (20 events):
Event: 1.688 Thread 0x000002401b2a04a0 1433       3       java.util.concurrent.locks.ReentrantLock::<init> (16 bytes)
Event: 1.688 Thread 0x000002401b2a04a0 nmethod 1433 0x00000240002b0f90 code [0x00000240002b1160, 0x00000240002b1560]
Event: 1.688 Thread 0x000002401b2a04a0 1434       3       sun.invoke.util.Wrapper::isSubwordOrInt (20 bytes)
Event: 1.688 Thread 0x000002401b2a04a0 nmethod 1434 0x00000240002b1710 code [0x00000240002b18e0, 0x00000240002b1cd8]
Event: 1.688 Thread 0x000002401b2a04a0 1435       3       sun.invoke.util.Wrapper::isIntegral (23 bytes)
Event: 1.688 Thread 0x000002401b2a04a0 nmethod 1435 0x00000240002b1e10 code [0x00000240002b1fc0, 0x00000240002b2218]
Event: 1.688 Thread 0x000002401b2a04a0 1436       3       sun.invoke.util.Wrapper::isNumeric (16 bytes)
Event: 1.688 Thread 0x000002401b2a04a0 nmethod 1436 0x00000240002b2310 code [0x00000240002b24a0, 0x00000240002b2608]
Event: 1.689 Thread 0x000002401b2a04a0 1439       3       jdk.internal.org.objectweb.asm.FieldWriter::visitEnd (1 bytes)
Event: 1.689 Thread 0x000002401b2a04a0 nmethod 1439 0x00000240002b2690 code [0x00000240002b2820, 0x00000240002b2928]
Event: 1.689 Thread 0x000002401b2a04a0 1440       3       jdk.internal.org.objectweb.asm.MethodWriter::visitLdcInsn (215 bytes)
Event: 1.690 Thread 0x000002401b2a04a0 nmethod 1440 0x00000240002b2990 code [0x00000240002b2c20, 0x00000240002b3728]
Event: 1.690 Thread 0x000002401b2a04a0 1443       3       jdk.internal.org.objectweb.asm.MethodWriter::visitFrameStart (55 bytes)
Event: 1.690 Thread 0x000002401b2a04a0 nmethod 1443 0x00000240002b3b90 code [0x00000240002b3d40, 0x00000240002b4050]
Event: 1.690 Thread 0x000002401b2a04a0 1444       3       jdk.internal.org.objectweb.asm.MethodWriter::visitFrameEnd (53 bytes)
Event: 1.690 Thread 0x000002401b2a04a0 nmethod 1444 0x00000240002b4190 code [0x00000240002b4360, 0x00000240002b4860]
Event: 1.695 Thread 0x000002401b2a04a0 1445       1       sun.nio.fs.NativeBuffer::setOwner (6 bytes)
Event: 1.695 Thread 0x000002401b2a04a0 nmethod 1445 0x0000024007b45310 code [0x0000024007b454a0, 0x0000024007b455b8]
Event: 1.696 Thread 0x000002401b2a04a0 1446       1       sun.nio.fs.NativeBuffer::size (5 bytes)
Event: 1.696 Thread 0x000002401b2a04a0 nmethod 1446 0x0000024007b45610 code [0x0000024007b457a0, 0x0000024007b45868]

GC Heap History (2 events):
Event: 1.509 GC heap before
{Heap before GC invocations=0 (full 0):
 garbage-first heap   total 524288K, used 24576K [0x0000000602800000, 0x0000000800000000)
  region size 4096K, 6 young (24576K), 0 survivors (0K)
 Metaspace       used 6512K, committed 6720K, reserved 1114112K
  class space    used 745K, committed 832K, reserved 1048576K
}
Event: 1.517 GC heap after
{Heap after GC invocations=1 (full 0):
 garbage-first heap   total 524288K, used 6108K [0x0000000602800000, 0x0000000800000000)
  region size 4096K, 1 young (4096K), 1 survivors (4096K)
 Metaspace       used 6512K, committed 6720K, reserved 1114112K
  class space    used 745K, committed 832K, reserved 1048576K
}

Dll operation events (8 events):
Event: 0.019 Loaded shared library C:\Users\gui_s\.jdks\azul-21.0.2\bin\java.dll
Event: 0.105 Loaded shared library C:\Users\gui_s\.jdks\azul-21.0.2\bin\jsvml.dll
Event: 0.114 Loaded shared library C:\Users\gui_s\.jdks\azul-21.0.2\bin\net.dll
Event: 0.131 Loaded shared library C:\Users\gui_s\.jdks\azul-21.0.2\bin\nio.dll
Event: 0.139 Loaded shared library C:\Users\gui_s\.jdks\azul-21.0.2\bin\zip.dll
Event: 0.246 Loaded shared library C:\Users\gui_s\.jdks\azul-21.0.2\bin\management.dll
Event: 0.254 Loaded shared library C:\Users\gui_s\.jdks\azul-21.0.2\bin\management_ext.dll
Event: 0.283 Loaded shared library C:\Users\gui_s\.jdks\azul-21.0.2\bin\jimage.dll

Deoptimization events (20 events):
Event: 1.153 Thread 0x0000024074cc9730 Uncommon trap: trap_request=0xffffffde fr.pc=0x0000024007b2a05c relative=0x000000000000013c
Event: 1.153 Thread 0x0000024074cc9730 Uncommon trap: reason=class_check action=maybe_recompile pc=0x0000024007b2a05c method=jdk.internal.misc.Unsafe.allocateUninitializedArray(Ljava/lang/Class;I)Ljava/lang/Object; @ 51 c2
Event: 1.153 Thread 0x0000024074cc9730 DEOPT PACKING pc=0x0000024007b2a05c sp=0x0000009ba80fde60
Event: 1.153 Thread 0x0000024074cc9730 DEOPT UNPACKING pc=0x00000240075846a2 sp=0x0000009ba80fddd8 mode 2
Event: 1.153 Thread 0x0000024074cc9730 Uncommon trap: trap_request=0xffffffde fr.pc=0x0000024007b2a05c relative=0x000000000000013c
Event: 1.153 Thread 0x0000024074cc9730 Uncommon trap: reason=class_check action=maybe_recompile pc=0x0000024007b2a05c method=jdk.internal.misc.Unsafe.allocateUninitializedArray(Ljava/lang/Class;I)Ljava/lang/Object; @ 51 c2
Event: 1.153 Thread 0x0000024074cc9730 DEOPT PACKING pc=0x0000024007b2a05c sp=0x0000009ba80fdf00
Event: 1.153 Thread 0x0000024074cc9730 DEOPT UNPACKING pc=0x00000240075846a2 sp=0x0000009ba80fde78 mode 2
Event: 1.184 Thread 0x0000024074cc9730 DEOPT PACKING pc=0x00000240000f1d8b sp=0x0000009ba80fcf30
Event: 1.184 Thread 0x0000024074cc9730 DEOPT UNPACKING pc=0x0000024007584e42 sp=0x0000009ba80fc438 mode 0
Event: 1.454 Thread 0x0000024074cc9730 Uncommon trap: trap_request=0xffffff45 fr.pc=0x0000024007b0acc4 relative=0x0000000000000284
Event: 1.454 Thread 0x0000024074cc9730 Uncommon trap: reason=unstable_if action=reinterpret pc=0x0000024007b0acc4 method=java.util.concurrent.ConcurrentHashMap.get(Ljava/lang/Object;)Ljava/lang/Object; @ 86 c2
Event: 1.454 Thread 0x0000024074cc9730 DEOPT PACKING pc=0x0000024007b0acc4 sp=0x0000009ba80fd2f0
Event: 1.454 Thread 0x0000024074cc9730 DEOPT UNPACKING pc=0x00000240075846a2 sp=0x0000009ba80fd268 mode 2
Event: 1.500 Thread 0x0000024074cc9730 DEOPT PACKING pc=0x0000024000057967 sp=0x0000009ba80f6f70
Event: 1.500 Thread 0x0000024074cc9730 DEOPT UNPACKING pc=0x0000024007584e42 sp=0x0000009ba80f6448 mode 0
Event: 1.619 Thread 0x0000024074cc9730 Uncommon trap: trap_request=0xffffff6e fr.pc=0x0000024007b033a8 relative=0x0000000000000468
Event: 1.619 Thread 0x0000024074cc9730 Uncommon trap: reason=loop_limit_check action=maybe_recompile pc=0x0000024007b033a8 method=java.lang.StringLatin1.indexOf([BI[BII)I @ 37 c2
Event: 1.619 Thread 0x0000024074cc9730 DEOPT PACKING pc=0x0000024007b033a8 sp=0x0000009ba80fbfb0
Event: 1.619 Thread 0x0000024074cc9730 DEOPT UNPACKING pc=0x00000240075846a2 sp=0x0000009ba80fbf10 mode 2

Classes loaded (20 events):
Event: 1.638 Loading class java/time/zone/Ser
Event: 1.638 Loading class java/time/zone/Ser done
Event: 1.639 Loading class java/time/zone/ZoneOffsetTransition
Event: 1.639 Loading class java/time/zone/ZoneOffsetTransition done
Event: 1.656 Loading class java/lang/IllegalAccessError
Event: 1.656 Loading class java/lang/IllegalAccessError done
Event: 1.657 Loading class java/util/IdentityHashMap$EntrySet
Event: 1.657 Loading class java/util/IdentityHashMap$EntrySet done
Event: 1.657 Loading class java/util/IdentityHashMap$EntryIterator
Event: 1.657 Loading class java/util/IdentityHashMap$EntryIterator done
Event: 1.657 Loading class java/util/IdentityHashMap$EntryIterator$Entry
Event: 1.657 Loading class java/util/IdentityHashMap$EntryIterator$Entry done
Event: 1.657 Loading class java/util/IdentityHashMap$ValueIterator
Event: 1.658 Loading class java/util/IdentityHashMap$ValueIterator done
Event: 1.693 Loading class java/nio/file/NoSuchFileException
Event: 1.693 Loading class java/nio/file/FileSystemException
Event: 1.693 Loading class java/nio/file/FileSystemException done
Event: 1.693 Loading class java/nio/file/NoSuchFileException done
Event: 1.695 Loading class java/net/HttpURLConnection
Event: 1.695 Loading class java/net/HttpURLConnection done

Classes unloaded (0 events):
No events

Classes redefined (0 events):
No events

Internal exceptions (20 events):
Event: 1.080 Thread 0x0000024074cc9730 Exception <a 'java/lang/NoSuchMethodError'{0x0000000621660ee0}: 'java.lang.Object java.lang.invoke.DirectMethodHandle$Holder.newInvokeSpecial(java.lang.Object, java.lang.Object, java.lang.Object, java.lang.Object, java.lang.Object, java.lang.Object)'> (0x0000000621660ee0) 
thrown [s\src\hotspot\share\interpreter\linkResolver.cpp, line 773]
Event: 1.092 Thread 0x0000024074cc9730 Exception <a 'java/lang/NoSuchMethodError'{0x00000006216a1d18}: 'void java.lang.invoke.DirectMethodHandle$Holder.invokeInterface(java.lang.Object, java.lang.Object, java.lang.Object, java.lang.Object, java.lang.Object)'> (0x00000006216a1d18) 
thrown [s\src\hotspot\share\interpreter\linkResolver.cpp, line 773]
Event: 1.092 Thread 0x0000024074cc9730 Exception <a 'java/lang/IncompatibleClassChangeError'{0x00000006216a59b8}: Found class java.lang.Object, but interface was expected> (0x00000006216a59b8) 
thrown [s\src\hotspot\share\interpreter\linkResolver.cpp, line 840]
Event: 1.100 Thread 0x0000024074cc9730 Exception <a 'java/lang/IncompatibleClassChangeError'{0x00000006216cbea0}: Found class java.lang.Object, but interface was expected> (0x00000006216cbea0) 
thrown [s\src\hotspot\share\interpreter\linkResolver.cpp, line 840]
Event: 1.105 Thread 0x0000024074cc9730 Exception <a 'java/lang/NoSuchMethodError'{0x00000006216e5e30}: 'java.lang.Object java.lang.invoke.DirectMethodHandle$Holder.invokeStatic(java.lang.Object, java.lang.Object, int)'> (0x00000006216e5e30) 
thrown [s\src\hotspot\share\interpreter\linkResolver.cpp, line 773]
Event: 1.123 Thread 0x0000024074cc9730 Exception <a 'java/lang/NoSuchMethodError'{0x0000000621730828}: 'void java.lang.invoke.DirectMethodHandle$Holder.invokeSpecial(java.lang.Object, java.lang.Object, java.lang.Object, java.lang.Object, java.lang.Object)'> (0x0000000621730828) 
thrown [s\src\hotspot\share\interpreter\linkResolver.cpp, line 773]
Event: 1.142 Thread 0x0000024074cc9730 Exception <a 'java/lang/NoSuchMethodError'{0x00000006217847d8}: 'long java.lang.invoke.DirectMethodHandle$Holder.invokeSpecial(java.lang.Object, java.lang.Object)'> (0x00000006217847d8) 
thrown [s\src\hotspot\share\interpreter\linkResolver.cpp, line 773]
Event: 1.142 Thread 0x0000024074cc9730 Exception <a 'java/lang/NoSuchMethodError'{0x0000000621787d08}: 'long java.lang.invoke.Invokers$Holder.invokeExact_MT(java.lang.Object, java.lang.Object)'> (0x0000000621787d08) 
thrown [s\src\hotspot\share\interpreter\linkResolver.cpp, line 773]
Event: 1.166 Thread 0x0000024074cc9730 Exception <a 'java/lang/NoSuchMethodError'{0x00000006217dae28}: 'void java.lang.invoke.DirectMethodHandle$Holder.invokeInterface(java.lang.Object, java.lang.Object, java.lang.Object, java.lang.Object)'> (0x00000006217dae28) 
thrown [s\src\hotspot\share\interpreter\linkResolver.cpp, line 773]
Event: 1.166 Thread 0x0000024074cc9730 Exception <a 'java/lang/IncompatibleClassChangeError'{0x00000006217de470}: Found class java.lang.Object, but interface was expected> (0x00000006217de470) 
thrown [s\src\hotspot\share\interpreter\linkResolver.cpp, line 840]
Event: 1.173 Thread 0x0000024074cc9730 Exception <a 'java/lang/NoSuchMethodError'{0x00000006217fbda8}: 'void java.lang.invoke.DirectMethodHandle$Holder.invokeStatic(java.lang.Object, java.lang.Object, java.lang.Object, java.lang.Object)'> (0x00000006217fbda8) 
thrown [s\src\hotspot\share\interpreter\linkResolver.cpp, line 773]
Event: 1.195 Thread 0x0000024074cc9730 Exception <a 'java/lang/NoSuchMethodError'{0x0000000621076cd0}: 'int java.lang.invoke.DirectMethodHandle$Holder.invokeStatic(java.lang.Object, java.lang.Object, java.lang.Object, java.lang.Object)'> (0x0000000621076cd0) 
thrown [s\src\hotspot\share\interpreter\linkResolver.cpp, line 773]
Event: 1.196 Thread 0x0000024074cc9730 Exception <a 'java/lang/NoSuchMethodError'{0x000000062107a350}: 'java.lang.Object java.lang.invoke.Invokers$Holder.invokeExact_MT(java.lang.Object, java.lang.Object, java.lang.Object, java.lang.Object, java.lang.Object, java.lang.Object)'> (0x000000062107a350) 
thrown [s\src\hotspot\share\interpreter\linkResolver.cpp, line 773]
Event: 1.199 Thread 0x0000024074cc9730 Exception <a 'java/lang/NoSuchMethodError'{0x0000000621087c10}: 'int java.lang.invoke.DirectMethodHandle$Holder.invokeStatic(java.lang.Object, java.lang.Object, java.lang.Object, java.lang.Object, java.lang.Object)'> (0x0000000621087c10) 
thrown [s\src\hotspot\share\interpreter\linkResolver.cpp, line 773]
Event: 1.233 Thread 0x0000024074cc9730 Exception <a 'java/lang/NoSuchMethodError'{0x00000006210ca2c0}: 'void java.lang.invoke.DirectMethodHandle$Holder.invokeStaticInit(java.lang.Object)'> (0x00000006210ca2c0) 
thrown [s\src\hotspot\share\interpreter\linkResolver.cpp, line 773]
Event: 1.337 Thread 0x0000024074cc9730 Exception <a 'java/lang/NoSuchMethodError'{0x000000062117be70}: 'void java.lang.invoke.DirectMethodHandle$Holder.invokeStaticInit(java.lang.Object, java.lang.Object, java.lang.Object, java.lang.Object)'> (0x000000062117be70) 
thrown [s\src\hotspot\share\interpreter\linkResolver.cpp, line 773]
Event: 1.375 Thread 0x0000024074cc9730 Exception <a 'java/lang/NoSuchMethodError'{0x00000006211ec5b0}: 'int java.lang.invoke.DirectMethodHandle$Holder.invokeStaticInit(java.lang.Object, java.lang.Object)'> (0x00000006211ec5b0) 
thrown [s\src\hotspot\share\interpreter\linkResolver.cpp, line 773]
Event: 1.467 Thread 0x0000024074cc9730 Exception <a 'java/lang/NoSuchMethodError'{0x0000000621349800}: 'void java.lang.invoke.DirectMethodHandle$Holder.invokeStatic(java.lang.Object, java.lang.Object)'> (0x0000000621349800) 
thrown [s\src\hotspot\share\interpreter\linkResolver.cpp, line 773]
Event: 1.608 Thread 0x0000024074cc9730 Exception <a 'java/lang/NoSuchMethodError'{0x0000000622603278}: 'java.lang.Object java.lang.invoke.DirectMethodHandle$Holder.invokeSpecial(java.lang.Object, java.lang.Object, java.lang.Object, long, java.lang.Object)'> (0x0000000622603278) 
thrown [s\src\hotspot\share\interpreter\linkResolver.cpp, line 773]
Event: 1.609 Thread 0x0000024074cc9730 Exception <a 'java/lang/NoSuchMethodError'{0x0000000622606e78}: 'java.lang.Object java.lang.invoke.Invokers$Holder.linkToTargetMethod(java.lang.Object, long, java.lang.Object, java.lang.Object)'> (0x0000000622606e78) 
thrown [s\src\hotspot\share\interpreter\linkResolver.cpp, line 773]

ZGC Phase Switch (0 events):
No events

VM Operations (16 events):
Event: 0.407 Executing VM operation: HandshakeAllThreads (Deoptimize)
Event: 0.407 Executing VM operation: HandshakeAllThreads (Deoptimize) done
Event: 0.665 Executing VM operation: HandshakeAllThreads (Deoptimize)
Event: 0.665 Executing VM operation: HandshakeAllThreads (Deoptimize) done
Event: 0.921 Executing VM operation: HandshakeAllThreads (Deoptimize)
Event: 0.921 Executing VM operation: HandshakeAllThreads (Deoptimize) done
Event: 0.929 Executing VM operation: HandshakeAllThreads (Deoptimize)
Event: 0.929 Executing VM operation: HandshakeAllThreads (Deoptimize) done
Event: 1.133 Executing VM operation: HandshakeAllThreads (Deoptimize)
Event: 1.133 Executing VM operation: HandshakeAllThreads (Deoptimize) done
Event: 1.133 Executing VM operation: Cleanup
Event: 1.133 Executing VM operation: Cleanup done
Event: 1.140 Executing VM operation: HandshakeAllThreads (Deoptimize)
Event: 1.140 Executing VM operation: HandshakeAllThreads (Deoptimize) done
Event: 1.509 Executing VM operation: G1CollectForAllocation (G1 Evacuation Pause)
Event: 1.517 Executing VM operation: G1CollectForAllocation (G1 Evacuation Pause) done

Events (15 events):
Event: 0.038 Thread 0x0000024074cc9730 Thread added: 0x0000024074cc9730
Event: 0.068 Thread 0x000002407fc4df70 Thread added: 0x000002407fc4df70
Event: 0.068 Thread 0x000002401b290bf0 Thread added: 0x000002401b290bf0
Event: 0.068 Thread 0x000002401b2971f0 Thread added: 0x000002401b2971f0
Event: 0.068 Thread 0x000002401b297c50 Thread added: 0x000002401b297c50
Event: 0.068 Thread 0x000002401b2993d0 Thread added: 0x000002401b2993d0
Event: 0.068 Thread 0x000002401b29ab50 Thread added: 0x000002401b29ab50
Event: 0.068 Thread 0x000002401b29b8e0 Thread added: 0x000002401b29b8e0
Event: 0.076 Thread 0x000002401b2a04a0 Thread added: 0x000002401b2a04a0
Event: 0.106 Thread 0x000002401b393750 Thread added: 0x000002401b393750
Event: 0.107 Thread 0x000002401b3b1db0 Thread added: 0x000002401b3b1db0
Event: 0.313 Thread 0x000002401b501920 Thread added: 0x000002401b501920
Event: 0.428 Thread 0x000002401b5b67c0 Thread added: 0x000002401b5b67c0
Event: 0.452 Thread 0x000002401b5a1a40 Thread added: 0x000002401b5a1a40
Event: 1.320 Thread 0x000002401b501920 Thread exited: 0x000002401b501920


Dynamic libraries:
0x00007ff6038c0000 - 0x00007ff6038ce000 	C:\Users\gui_s\.jdks\azul-21.0.2\bin\java.exe
0x00007ffed4360000 - 0x00007ffed45c6000 	C:\WINDOWS\SYSTEM32\ntdll.dll
0x00007ffed27d0000 - 0x00007ffed2899000 	C:\WINDOWS\System32\KERNEL32.DLL
0x00007ffed1aa0000 - 0x00007ffed1e6c000 	C:\WINDOWS\System32\KERNELBASE.dll
0x00007ffed1f10000 - 0x00007ffed205b000 	C:\WINDOWS\System32\ucrtbase.dll
0x00007ffe4b5f0000 - 0x00007ffe4b608000 	C:\Users\gui_s\.jdks\azul-21.0.2\bin\jli.dll
0x00007ffed3960000 - 0x00007ffed3b2a000 	C:\WINDOWS\System32\USER32.dll
0x00007ffed1a70000 - 0x00007ffed1a97000 	C:\WINDOWS\System32\win32u.dll
0x00007ffed4020000 - 0x00007ffed404b000 	C:\WINDOWS\System32\GDI32.dll
0x00007ffed1930000 - 0x00007ffed1a62000 	C:\WINDOWS\System32\gdi32full.dll
0x00007ffed1880000 - 0x00007ffed1923000 	C:\WINDOWS\System32\msvcp_win.dll
0x00007ffe4a300000 - 0x00007ffe4a31b000 	C:\Users\gui_s\.jdks\azul-21.0.2\bin\VCRUNTIME140.dll
0x00007ffeb87d0000 - 0x00007ffeb8a6a000 	C:\WINDOWS\WinSxS\amd64_microsoft.windows.common-controls_6595b64144ccf1df_6.0.26100.3912_none_3e07963ce335137e\COMCTL32.dll
0x00007ffed2580000 - 0x00007ffed2629000 	C:\WINDOWS\System32\msvcrt.dll
0x00007ffed2650000 - 0x00007ffed2680000 	C:\WINDOWS\System32\IMM32.DLL
0x00007ffe65fd0000 - 0x00007ffe65fdc000 	C:\Users\gui_s\.jdks\azul-21.0.2\bin\vcruntime140_1.dll
0x00007ffe475b0000 - 0x00007ffe4763e000 	C:\Users\gui_s\.jdks\azul-21.0.2\bin\msvcp140.dll
0x00007ffe45790000 - 0x00007ffe46525000 	C:\Users\gui_s\.jdks\azul-21.0.2\bin\server\jvm.dll
0x00007ffed2690000 - 0x00007ffed2742000 	C:\WINDOWS\System32\ADVAPI32.dll
0x00007ffed2360000 - 0x00007ffed2406000 	C:\WINDOWS\System32\sechost.dll
0x00007ffed3840000 - 0x00007ffed3956000 	C:\WINDOWS\System32\RPCRT4.dll
0x00007ffed21a0000 - 0x00007ffed2214000 	C:\WINDOWS\System32\WS2_32.dll
0x00007ffed00e0000 - 0x00007ffed013e000 	C:\WINDOWS\SYSTEM32\POWRPROF.dll
0x00007ffec0590000 - 0x00007ffec05c6000 	C:\WINDOWS\SYSTEM32\WINMM.dll
0x00007ffec7cb0000 - 0x00007ffec7cbb000 	C:\WINDOWS\SYSTEM32\VERSION.dll
0x00007ffed00c0000 - 0x00007ffed00d4000 	C:\WINDOWS\SYSTEM32\UMPDC.dll
0x00007ffed03a0000 - 0x00007ffed03ba000 	C:\WINDOWS\SYSTEM32\kernel.appcore.dll
0x00007ffe65dd0000 - 0x00007ffe65dda000 	C:\Users\gui_s\.jdks\azul-21.0.2\bin\jimage.dll
0x00007ffecec50000 - 0x00007ffecee91000 	C:\WINDOWS\SYSTEM32\DBGHELP.DLL
0x00007ffed28a0000 - 0x00007ffed2c24000 	C:\WINDOWS\System32\combase.dll
0x00007ffed4230000 - 0x00007ffed4310000 	C:\WINDOWS\System32\OLEAUT32.dll
0x00007ffeb5a60000 - 0x00007ffeb5a99000 	C:\WINDOWS\SYSTEM32\dbgcore.DLL
0x00007ffed1e70000 - 0x00007ffed1f09000 	C:\WINDOWS\System32\bcryptPrimitives.dll
0x00007ffe49f20000 - 0x00007ffe49f3f000 	C:\Users\gui_s\.jdks\azul-21.0.2\bin\java.dll
0x00007ffed2c40000 - 0x00007ffed336d000 	C:\WINDOWS\System32\SHELL32.dll
0x00007ffed14f0000 - 0x00007ffed1664000 	C:\WINDOWS\System32\wintypes.dll
0x00007ffecf140000 - 0x00007ffecf996000 	C:\WINDOWS\SYSTEM32\windows.storage.dll
0x00007ffed3590000 - 0x00007ffed367f000 	C:\WINDOWS\System32\SHCORE.dll
0x00007ffed2120000 - 0x00007ffed2189000 	C:\WINDOWS\System32\shlwapi.dll
0x00007ffed1400000 - 0x00007ffed142f000 	C:\WINDOWS\SYSTEM32\profapi.dll
0x00007ffe474d0000 - 0x00007ffe475a7000 	C:\Users\gui_s\.jdks\azul-21.0.2\bin\jsvml.dll
0x00007ffe72330000 - 0x00007ffe72340000 	C:\Users\gui_s\.jdks\azul-21.0.2\bin\net.dll
0x00007ffec95f0000 - 0x00007ffec970e000 	C:\WINDOWS\SYSTEM32\WINHTTP.dll
0x00007ffed0940000 - 0x00007ffed09aa000 	C:\WINDOWS\system32\mswsock.dll
0x00007ffe72310000 - 0x00007ffe72326000 	C:\Users\gui_s\.jdks\azul-21.0.2\bin\nio.dll
0x00007ffe47ef0000 - 0x00007ffe47f08000 	C:\Users\gui_s\.jdks\azul-21.0.2\bin\zip.dll
0x00007ffecd870000 - 0x00007ffecd87a000 	C:\Users\gui_s\.jdks\azul-21.0.2\bin\management.dll
0x00007ffecd860000 - 0x00007ffecd86b000 	C:\Users\gui_s\.jdks\azul-21.0.2\bin\management_ext.dll
0x00007ffed34a0000 - 0x00007ffed34a8000 	C:\WINDOWS\System32\PSAPI.DLL

dbghelp: loaded successfully - version: 4.0.5 - missing functions: none
symbol engine: initialized successfully - sym options: 0x614 - pdb path: .;C:\Users\gui_s\.jdks\azul-21.0.2\bin;C:\WINDOWS\SYSTEM32;C:\WINDOWS\WinSxS\amd64_microsoft.windows.common-controls_6595b64144ccf1df_6.0.26100.3912_none_3e07963ce335137e;C:\Users\gui_s\.jdks\azul-21.0.2\bin\server

VM Arguments:
java_command: C:\Users\gui_s\AppData\Local\Temp\surefire18423685014302914999\surefirebooter-20250509120741536_3.jar C:\Users\gui_s\AppData\Local\Temp\surefire18423685014302914999 2025-05-09T12-07-41_193-jvmRun1 surefire-20250509120741536_1tmp surefire_0-20250509120741536_2tmp
java_class_path (initial): C:\Users\gui_s\AppData\Local\Temp\surefire18423685014302914999\surefirebooter-20250509120741536_3.jar
Launcher Type: SUN_STANDARD

[Global flags]
     intx CICompilerCount                          = 4                                         {product} {ergonomic}
     uint ConcGCThreads                            = 2                                         {product} {ergonomic}
     uint G1ConcRefinementThreads                  = 8                                         {product} {ergonomic}
   size_t G1HeapRegionSize                         = 4194304                                   {product} {ergonomic}
    uintx GCDrainStackTargetSize                   = 64                                        {product} {ergonomic}
   size_t InitialHeapSize                          = 536870912                                 {product} {ergonomic}
   size_t MarkStackSize                            = 4194304                                   {product} {ergonomic}
   size_t MaxHeapSize                              = 8547991552                                {product} {ergonomic}
   size_t MaxNewSize                               = 5125439488                                {product} {ergonomic}
   size_t MinHeapDeltaBytes                        = 4194304                                   {product} {ergonomic}
   size_t MinHeapSize                              = 8388608                                   {product} {ergonomic}
    uintx NonNMethodCodeHeapSize                   = 5839372                                {pd product} {ergonomic}
    uintx NonProfiledCodeHeapSize                  = 122909434                              {pd product} {ergonomic}
    uintx ProfiledCodeHeapSize                     = 122909434                              {pd product} {ergonomic}
    uintx ReservedCodeCacheSize                    = 251658240                              {pd product} {ergonomic}
     bool SegmentedCodeCache                       = true                                      {product} {ergonomic}
   size_t SoftMaxHeapSize                          = 8547991552                             {manageable} {ergonomic}
     bool UseCompressedOops                        = true                           {product lp64_product} {ergonomic}
     bool UseG1GC                                  = true                                      {product} {ergonomic}
     bool UseLargePagesIndividualAllocation        = false                                  {pd product} {ergonomic}

Logging:
Log output configuration:
 #0: stdout all=warning uptime,level,tags foldmultilines=false
 #1: stderr all=off uptime,level,tags foldmultilines=false

Environment Variables:
JAVA_HOME=C:\Program Files\Java
PATH=C:\VulkanSDK\1.3.283.0\Bin;C:\Program Files (x86)\Embarcadero\Studio\22.0\bin;C:\Users\Public\Documents\Embarcadero\Studio\22.0\Bpl;C:\Program Files (x86)\Embarcadero\Studio\22.0\bin64;C:\Users\Public\Documents\Embarcadero\Studio\22.0\Bpl\Win64;C:\Program Files (x86)\Falcon\MinGW\bin;C:\Program Files\Java\bin\;C:\Python311\Scripts\;C:\Python311\;C:\Windows\system32;C:\Windows;C:\Windows\System32\Wbem;C:\Windows\System32\WindowsPowerShell\v1.0\;C:\Windows\System32\OpenSSH\;C:\Program Files (x86)\NVIDIA Corporation\PhysX\Common;C:\Program Files\NVIDIA Corporation\NVIDIA NvDLISR;C:\Program Files\PostgreSQL\14\bin;C:\WINDOWS\system32;C:\WINDOWS;C:\WINDOWS\System32\Wbem;C:\WINDOWS\System32\WindowsPowerShell\v1.0\;C:\WINDOWS\System32\OpenSSH\;C:\ProgramData\chocolatey\bin;C:\Program Files\Git\cmd;C:\Program Files\Maven\apache-maven-3.9.2\bin;C:\Program Files\dotnet\;C:\Program Files\Go\bin;C:\Program Files\Docker\Docker\resources\bin;C:\Program Files\nodejs\;C:\msys64\ucrt64\bin;C:\Program Files\Neovim\bin;C:\raylib\w64devkit\bin;C:\msys64\clang64\bin;;C:\WINDOWS\system32;C:\WINDOWS;C:\WINDOWS\System32\Wbem;C:\WINDOWS\System32\WindowsPowerShell\v1.0\;C:\WINDOWS\System32\OpenSSH\;C:\Program Files\CMake\bin;C:\Program Files\Amazon\AWSCLIV2\;C:\Program Files\MySQL\MySQL Shell 8.0\bin\;C:\Users\gui_s\.cargo\bin;C:\msys64\ucrt64\bin;C:\Users\gui_s\AppData\Local\Programs\Microsoft VS Code\bin;C:\Program Files\MongoDB\Server\4.2\bin;C:\Users\gui_s\AppData\Local\Microsoft\WindowsApps;C:\Users\gui_s\AppData\Local\Programs\mongosh\;C:\Program Files\MySQL\MySQL Server 8.0\bin;C:\Users\gui_s\.dotnet\tools;C:\Users\gui_s\go\bin;C:\Program Files (x86)\Nmap;C:\Users\gui_s\AppData\Roaming\npm;
USERNAME=gui_s
OS=Windows_NT
PROCESSOR_IDENTIFIER=Intel64 Family 6 Model 165 Stepping 2, GenuineIntel
TMP=C:\Users\gui_s\AppData\Local\Temp
TEMP=C:\Users\gui_s\AppData\Local\Temp




Periodic native trim disabled

---------------  S Y S T E M  ---------------

OS:
 Windows 11 , 64 bit Build 26100 (10.0.26100.3912)
OS uptime: 1 days 14:49 hours
Hyper-V role detected

CPU: total 8 (initial active 8) (4 cores per cpu, 2 threads per core) family 6 model 165 stepping 2 microcode 0xea, cx8, cmov, fxsr, ht, mmx, 3dnowpref, sse, sse2, sse3, ssse3, sse4.1, sse4.2, popcnt, lzcnt, tsc, tscinvbit, avx, avx2, aes, erms, clmul, bmi1, bmi2, adx, fma, vzeroupper, clflush, clflushopt, hv, rdtscp, f16c
Processor Information for all 8 processors :
  Max Mhz: 2496, Current Mhz: 2496, Mhz Limit: 2496

Memory: 4k page, system-wide physical 32599M (3143M free)
TotalPageFile size 49136M (AvailPageFile size 10M)
current process WorkingSet (physical memory assigned to process): 96M, peak: 96M
current process commit charge ("private bytes"): 627M, peak: 627M

vm_info: OpenJDK 64-Bit Server VM (21.0.2+13-LTS) for windows-amd64 JRE (21.0.2+13-LTS) (Zulu21.32+17-CA), built on 2024-01-09T19:19:09Z by "zulu_re" with MS VC++ 17.1 (VS2022)

END.
