#
# There is insufficient memory for the Java Runtime Environment to continue.
# Native memory allocation (mmap) failed to map 536870912 bytes for G1 virtual space
# Possible reasons:
#   The system is out of physical RAM or swap space
#   The process is running with CompressedOops enabled, and the Java Heap may be blocking the growth of the native heap
# Possible solutions:
#   Reduce memory load on the system
#   Increase physical memory or swap space
#   Check if swap backing store is full
#   Decrease Java heap size (-Xmx/-Xms)
#   Decrease number of Java threads
#   Decrease Java thread stack sizes (-Xss)
#   Set larger code cache with -XX:ReservedCodeCacheSize=
#   JVM is running with Zero Based Compressed Oops mode in which the Java heap is
#     placed in the first 32GB address space. The Java Heap base address is the
#     maximum limit for the native heap growth. Please use -XX:HeapBaseMinAddress
#     to set the Java Heap base and to place the Java Heap above 32GB virtual address.
# This output file may be truncated or incomplete.
#
#  Out of Memory Error (os_windows.cpp:3600), pid=41716, tid=44052
#
# JRE version:  (21.0.2+13) (build )
# Java VM: OpenJDK 64-Bit Server VM (21.0.2+13-LTS, mixed mode, sharing, tiered, compressed oops, compressed class ptrs, g1 gc, windows-amd64)
# No core dump will be written. Minidumps are not enabled by default on client versions of Windows
#

---------------  S U M M A R Y ------------

Command Line: -Dnet.bytebuddy.agent.attacher.dump= net.bytebuddy.agent.Attacher com.sun.tools.attach.VirtualMachine 41564 C:\Users\gui_s\.m2\repository\net\bytebuddy\byte-buddy-agent\1.15.11\byte-buddy-agent-1.15.11.jar false 

Host: Intel(R) Core(TM) i5-10300H CPU @ 2.50GHz, 8 cores, 31G,  Windows 11 , 64 bit Build 26100 (10.0.26100.3912)
Time: Fri May  9 11:55:21 2025 Hora oficial do Brasil elapsed time: 0.023240 seconds (0d 0h 0m 0s)

---------------  T H R E A D  ---------------

Current thread (0x0000024924e2f1b0):  JavaThread "Unknown thread" [_thread_in_vm, id=44052, stack(0x000000b896000000,0x000000b896100000) (1024K)]

Stack: [0x000000b896000000,0x000000b896100000]
Native frames: (J=compiled Java code, j=interpreted, Vv=VM code, C=native code)
V  [jvm.dll+0x6d47c9]
V  [jvm.dll+0x8afd41]
V  [jvm.dll+0x8b20ae]
V  [jvm.dll+0x8b2793]
V  [jvm.dll+0x287836]
V  [jvm.dll+0x6d0ea5]
V  [jvm.dll+0x6c589a]
V  [jvm.dll+0x35ccda]
V  [jvm.dll+0x3648b6]
V  [jvm.dll+0x3b5f6e]
V  [jvm.dll+0x3b6218]
V  [jvm.dll+0x33062c]
V  [jvm.dll+0x3311bb]
V  [jvm.dll+0x878069]
V  [jvm.dll+0x3c32f1]
V  [jvm.dll+0x8608e8]
V  [jvm.dll+0x456ebe]
V  [jvm.dll+0x458981]
C  [jli.dll+0x52a3]
C  [ucrtbase.dll+0x37b0]
C  [KERNEL32.DLL+0x2e8d7]
C  [ntdll.dll+0x9c5dc]


---------------  P R O C E S S  ---------------

Threads class SMR info:
_java_thread_list=0x00007ffe463d0108, length=0, elements={
}

Java Threads: ( => current thread )
Total: 0

Other Threads:
  0x0000024926fef8e0 WorkerThread "GC Thread#0"                     [id=34292, stack(0x000000b896100000,0x000000b896200000) (1024K)]
  0x0000024927000aa0 ConcurrentGCThread "G1 Main Marker"            [id=36180, stack(0x000000b896200000,0x000000b896300000) (1024K)]
  0x0000024927003780 WorkerThread "G1 Conc#0"                       [id=43676, stack(0x000000b896300000,0x000000b896400000) (1024K)]

[error occurred during error reporting (printing all threads), id 0xc0000005, EXCEPTION_ACCESS_VIOLATION (0xc0000005) at pc=0x00007ffe45ad37b7]
VM state: not at safepoint (not fully initialized)

VM Mutex/Monitor currently owned by a thread:  ([mutex/lock_event])
[0x00007ffe46444a88] Heap_lock - owner thread: 0x0000024924e2f1b0

Heap address: 0x0000000602800000, size: 8152 MB, Compressed Oops mode: Zero based, Oop shift amount: 3

CDS archive(s) mapped at: [0x0000000000000000-0x0000000000000000-0x0000000000000000), size 0, SharedBaseAddress: 0x0000000800000000, ArchiveRelocationMode: 1.
Narrow klass base: 0x0000000000000000, Narrow klass shift: 0, Narrow klass range: 0x0

GC Precious Log:
 CardTable entry size: 512
 Card Set container configuration: InlinePtr #cards 4 size 8 Array Of Cards #cards 32 size 80 Howl #buckets 8 coarsen threshold 7372 Howl Bitmap #cards 1024 size 144 coarsen threshold 921 Card regions per heap region 1 cards per card region 8192

Heap:
 garbage-first heap   total 0K, used 0K [0x0000000602800000, 0x0000000800000000)
  region size 4096K, 0 young (0K), 0 survivors (0K)

[error occurred during error reporting (printing heap information), id 0xc0000005, EXCEPTION_ACCESS_VIOLATION (0xc0000005) at pc=0x00007ffe45ebd539]
GC Heap History (0 events):
No events

Dll operation events (1 events):
Event: 0.016 Loaded shared library C:\Users\gui_s\.jdks\azul-21.0.2\bin\java.dll

Deoptimization events (0 events):
No events

Classes loaded (0 events):
No events

Classes unloaded (0 events):
No events

Classes redefined (0 events):
No events

Internal exceptions (0 events):
No events

ZGC Phase Switch (0 events):
No events

VM Operations (0 events):
No events

Events (0 events):
No events


Dynamic libraries:
0x00007ff6038c0000 - 0x00007ff6038ce000 	C:\Users\gui_s\.jdks\azul-21.0.2\bin\java.exe
0x00007ffed4360000 - 0x00007ffed45c6000 	C:\WINDOWS\SYSTEM32\ntdll.dll
0x00007ffed27d0000 - 0x00007ffed2899000 	C:\WINDOWS\System32\KERNEL32.DLL
0x00007ffed1aa0000 - 0x00007ffed1e6c000 	C:\WINDOWS\System32\KERNELBASE.dll
0x00007ffed1f10000 - 0x00007ffed205b000 	C:\WINDOWS\System32\ucrtbase.dll
0x00007ffe4a300000 - 0x00007ffe4a31b000 	C:\Users\gui_s\.jdks\azul-21.0.2\bin\VCRUNTIME140.dll
0x00007ffe4b5f0000 - 0x00007ffe4b608000 	C:\Users\gui_s\.jdks\azul-21.0.2\bin\jli.dll
0x00007ffed3960000 - 0x00007ffed3b2a000 	C:\WINDOWS\System32\USER32.dll
0x00007ffed1a70000 - 0x00007ffed1a97000 	C:\WINDOWS\System32\win32u.dll
0x00007ffeb87d0000 - 0x00007ffeb8a6a000 	C:\WINDOWS\WinSxS\amd64_microsoft.windows.common-controls_6595b64144ccf1df_6.0.26100.3912_none_3e07963ce335137e\COMCTL32.dll
0x00007ffed4020000 - 0x00007ffed404b000 	C:\WINDOWS\System32\GDI32.dll
0x00007ffed2580000 - 0x00007ffed2629000 	C:\WINDOWS\System32\msvcrt.dll
0x00007ffed1930000 - 0x00007ffed1a62000 	C:\WINDOWS\System32\gdi32full.dll
0x00007ffed1880000 - 0x00007ffed1923000 	C:\WINDOWS\System32\msvcp_win.dll
0x00007ffed2650000 - 0x00007ffed2680000 	C:\WINDOWS\System32\IMM32.DLL
0x00007ffe65fd0000 - 0x00007ffe65fdc000 	C:\Users\gui_s\.jdks\azul-21.0.2\bin\vcruntime140_1.dll
0x00007ffe475b0000 - 0x00007ffe4763e000 	C:\Users\gui_s\.jdks\azul-21.0.2\bin\msvcp140.dll
0x00007ffe45790000 - 0x00007ffe46525000 	C:\Users\gui_s\.jdks\azul-21.0.2\bin\server\jvm.dll
0x00007ffed2690000 - 0x00007ffed2742000 	C:\WINDOWS\System32\ADVAPI32.dll
0x00007ffed2360000 - 0x00007ffed2406000 	C:\WINDOWS\System32\sechost.dll
0x00007ffed3840000 - 0x00007ffed3956000 	C:\WINDOWS\System32\RPCRT4.dll
0x00007ffed21a0000 - 0x00007ffed2214000 	C:\WINDOWS\System32\WS2_32.dll
0x00007ffed00e0000 - 0x00007ffed013e000 	C:\WINDOWS\SYSTEM32\POWRPROF.dll
0x00007ffec0590000 - 0x00007ffec05c6000 	C:\WINDOWS\SYSTEM32\WINMM.dll
0x00007ffec7cb0000 - 0x00007ffec7cbb000 	C:\WINDOWS\SYSTEM32\VERSION.dll
0x00007ffed00c0000 - 0x00007ffed00d4000 	C:\WINDOWS\SYSTEM32\UMPDC.dll
0x00007ffed03a0000 - 0x00007ffed03ba000 	C:\WINDOWS\SYSTEM32\kernel.appcore.dll
0x00007ffe65dd0000 - 0x00007ffe65dda000 	C:\Users\gui_s\.jdks\azul-21.0.2\bin\jimage.dll
0x00007ffecec50000 - 0x00007ffecee91000 	C:\WINDOWS\SYSTEM32\DBGHELP.DLL
0x00007ffed28a0000 - 0x00007ffed2c24000 	C:\WINDOWS\System32\combase.dll
0x00007ffed4230000 - 0x00007ffed4310000 	C:\WINDOWS\System32\OLEAUT32.dll
0x00007ffeb5a60000 - 0x00007ffeb5a99000 	C:\WINDOWS\SYSTEM32\dbgcore.DLL
0x00007ffed1e70000 - 0x00007ffed1f09000 	C:\WINDOWS\System32\bcryptPrimitives.dll
0x00007ffe49f20000 - 0x00007ffe49f3f000 	C:\Users\gui_s\.jdks\azul-21.0.2\bin\java.dll

dbghelp: loaded successfully - version: 4.0.5 - missing functions: none
symbol engine: initialized successfully - sym options: 0x614 - pdb path: .;C:\Users\gui_s\.jdks\azul-21.0.2\bin;C:\WINDOWS\SYSTEM32;C:\WINDOWS\WinSxS\amd64_microsoft.windows.common-controls_6595b64144ccf1df_6.0.26100.3912_none_3e07963ce335137e;C:\Users\gui_s\.jdks\azul-21.0.2\bin\server

VM Arguments:
jvm_args: -Dnet.bytebuddy.agent.attacher.dump= 
java_command: net.bytebuddy.agent.Attacher com.sun.tools.attach.VirtualMachine 41564 C:\Users\gui_s\.m2\repository\net\bytebuddy\byte-buddy-agent\1.15.11\byte-buddy-agent-1.15.11.jar false 
java_class_path (initial): C:\Users\gui_s\.m2\repository\net\bytebuddy\byte-buddy-agent\1.15.11\byte-buddy-agent-1.15.11.jar
Launcher Type: SUN_STANDARD

[Global flags]
     intx CICompilerCount                          = 4                                         {product} {ergonomic}
     uint ConcGCThreads                            = 2                                         {product} {ergonomic}
     uint G1ConcRefinementThreads                  = 8                                         {product} {ergonomic}
   size_t G1HeapRegionSize                         = 4194304                                   {product} {ergonomic}
    uintx GCDrainStackTargetSize                   = 64                                        {product} {ergonomic}
   size_t InitialHeapSize                          = 536870912                                 {product} {ergonomic}
   size_t MarkStackSize                            = 4194304                                   {product} {ergonomic}
   size_t MaxHeapSize                              = 8547991552                                {product} {ergonomic}
   size_t MinHeapDeltaBytes                        = 4194304                                   {product} {ergonomic}
   size_t MinHeapSize                              = 8388608                                   {product} {ergonomic}
    uintx NonNMethodCodeHeapSize                   = 5839372                                {pd product} {ergonomic}
    uintx NonProfiledCodeHeapSize                  = 122909434                              {pd product} {ergonomic}
    uintx ProfiledCodeHeapSize                     = 122909434                              {pd product} {ergonomic}
    uintx ReservedCodeCacheSize                    = 251658240                              {pd product} {ergonomic}
     bool SegmentedCodeCache                       = true                                      {product} {ergonomic}
   size_t SoftMaxHeapSize                          = 8547991552                             {manageable} {ergonomic}
     bool UseCompressedOops                        = true                           {product lp64_product} {ergonomic}
     bool UseG1GC                                  = true                                      {product} {ergonomic}
     bool UseLargePagesIndividualAllocation        = false                                  {pd product} {ergonomic}

Logging:
Log output configuration:
 #0: stdout all=warning uptime,level,tags foldmultilines=false
 #1: stderr all=off uptime,level,tags foldmultilines=false

Environment Variables:
JAVA_HOME=C:\Program Files\Java
PATH=C:\VulkanSDK\1.3.283.0\Bin;C:\Program Files (x86)\Embarcadero\Studio\22.0\bin;C:\Users\Public\Documents\Embarcadero\Studio\22.0\Bpl;C:\Program Files (x86)\Embarcadero\Studio\22.0\bin64;C:\Users\Public\Documents\Embarcadero\Studio\22.0\Bpl\Win64;C:\Program Files (x86)\Falcon\MinGW\bin;C:\Program Files\Java\bin\;C:\Python311\Scripts\;C:\Python311\;C:\Windows\system32;C:\Windows;C:\Windows\System32\Wbem;C:\Windows\System32\WindowsPowerShell\v1.0\;C:\Windows\System32\OpenSSH\;C:\Program Files (x86)\NVIDIA Corporation\PhysX\Common;C:\Program Files\NVIDIA Corporation\NVIDIA NvDLISR;C:\Program Files\PostgreSQL\14\bin;C:\WINDOWS\system32;C:\WINDOWS;C:\WINDOWS\System32\Wbem;C:\WINDOWS\System32\WindowsPowerShell\v1.0\;C:\WINDOWS\System32\OpenSSH\;C:\ProgramData\chocolatey\bin;C:\Program Files\Git\cmd;C:\Program Files\Maven\apache-maven-3.9.2\bin;C:\Program Files\dotnet\;C:\Program Files\Go\bin;C:\Program Files\Docker\Docker\resources\bin;C:\Program Files\nodejs\;C:\msys64\ucrt64\bin;C:\Program Files\Neovim\bin;C:\raylib\w64devkit\bin;C:\msys64\clang64\bin;;C:\WINDOWS\system32;C:\WINDOWS;C:\WINDOWS\System32\Wbem;C:\WINDOWS\System32\WindowsPowerShell\v1.0\;C:\WINDOWS\System32\OpenSSH\;C:\Program Files\CMake\bin;C:\Program Files\Amazon\AWSCLIV2\;C:\Program Files\MySQL\MySQL Shell 8.0\bin\;C:\Users\gui_s\.cargo\bin;C:\msys64\ucrt64\bin;C:\Users\gui_s\AppData\Local\Programs\Microsoft VS Code\bin;C:\Program Files\MongoDB\Server\4.2\bin;C:\Users\gui_s\AppData\Local\Microsoft\WindowsApps;C:\Users\gui_s\AppData\Local\Programs\mongosh\;C:\Program Files\MySQL\MySQL Server 8.0\bin;C:\Users\gui_s\.dotnet\tools;C:\Users\gui_s\go\bin;C:\Program Files (x86)\Nmap;C:\Users\gui_s\AppData\Roaming\npm;
USERNAME=gui_s
OS=Windows_NT
PROCESSOR_IDENTIFIER=Intel64 Family 6 Model 165 Stepping 2, GenuineIntel
TMP=C:\Users\gui_s\AppData\Local\Temp
TEMP=C:\Users\gui_s\AppData\Local\Temp




Periodic native trim disabled

---------------  S Y S T E M  ---------------

OS:
 Windows 11 , 64 bit Build 26100 (10.0.26100.3912)
OS uptime: 1 days 14:36 hours
Hyper-V role detected

CPU: total 8 (initial active 8) (4 cores per cpu, 2 threads per core) family 6 model 165 stepping 2 microcode 0xea, cx8, cmov, fxsr, ht, mmx, 3dnowpref, sse, sse2, sse3, ssse3, sse4.1, sse4.2, popcnt, lzcnt, tsc, tscinvbit, avx, avx2, aes, erms, clmul, bmi1, bmi2, adx, fma, vzeroupper, clflush, clflushopt, hv, rdtscp, f16c
Processor Information for all 8 processors :
  Max Mhz: 2496, Current Mhz: 2496, Mhz Limit: 2496

Memory: 4k page, system-wide physical 32599M (3356M free)
TotalPageFile size 49136M (AvailPageFile size 358M)
current process WorkingSet (physical memory assigned to process): 12M, peak: 12M
current process commit charge ("private bytes"): 60M, peak: 572M

vm_info: OpenJDK 64-Bit Server VM (21.0.2+13-LTS) for windows-amd64 JRE (21.0.2+13-LTS) (Zulu21.32+17-CA), built on 2024-01-09T19:19:09Z by "zulu_re" with MS VC++ 17.1 (VS2022)

END.
